[  0%] Built target _fake_ar_publisher_generate_messages_check_deps_ARMarker
[  0%] Built target geometry_msgs_generate_messages_cpp
[  0%] Built target std_msgs_generate_messages_cpp
[  0%] Built target geometry_msgs_generate_messages_py
[  0%] Built target std_msgs_generate_messages_py
[  0%] Built target geometry_msgs_generate_messages_lisp
[  0%] Built target std_msgs_generate_messages_lisp
[  0%] Built target visualization_msgs_generate_messages_lisp
[  0%] Built target visualization_msgs_generate_messages_cpp
[  0%] Built target roscpp_generate_messages_lisp
[  0%] Built target roscpp_generate_messages_cpp
[  0%] Built target visualization_msgs_generate_messages_py
[  0%] Built target rosgraph_msgs_generate_messages_py
[  0%] Built target rosgraph_msgs_generate_messages_cpp
[  0%] Built target rosgraph_msgs_generate_messages_lisp
[  0%] Built target roscpp_generate_messages_py
[ 20%] Built target fake_ar_publisher_generate_messages_cpp
[ 60%] Built target fake_ar_publisher_generate_messages_py
[ 80%] Built target fake_ar_publisher_generate_messages_lisp
[ 80%] Built target fake_ar_publisher_generate_messages
[100%] Built target fake_ar_publisher_node
